This file contains any messages produced by compilers while
running configure, to aid debugging if configure makes a mistake.

It was created by bdpandl configure 1.0, which was
generated by GNU Autoconf 2.69.  Invocation command line was

  $ ./configure 

## --------- ##
## Platform. ##
## --------- ##

hostname = localhost.localdomain
uname -m = x86_64
uname -r = 4.5.7-202.fc23.x86_64
uname -s = Linux
uname -v = #1 SMP Tue Jun 28 18:22:51 UTC 2016

/usr/bin/uname -p = x86_64
/bin/uname -X     = unknown

/bin/arch              = x86_64
/usr/bin/arch -k       = unknown
/usr/convex/getsysinfo = unknown
/usr/bin/hostinfo      = unknown
/bin/machine           = unknown
/usr/bin/oslevel       = unknown
/bin/universe          = unknown

PATH: /usr/lib64/qt-3.3/bin
PATH: /usr/local/bin
PATH: /usr/local/sbin
PATH: /usr/bin
PATH: /usr/sbin
PATH: /home/tomonori/.local/bin
PATH: /home/tomonori/bin


## ----------- ##
## Core tests. ##
## ----------- ##

configure:2242: checking for a BSD-compatible install
configure:2310: result: /usr/bin/install -c
configure:2321: checking whether build environment is sane
configure:2376: result: yes
configure:2527: checking for a thread-safe mkdir -p
configure:2566: result: /usr/bin/mkdir -p
configure:2573: checking for gawk
configure:2589: found /usr/bin/gawk
configure:2600: result: gawk
configure:2611: checking whether make sets $(MAKE)
configure:2633: result: yes
configure:2662: checking whether make supports nested variables
configure:2679: result: yes
configure:2974: checking for gcc
configure:2990: found /usr/bin/gcc
configure:3001: result: gcc
configure:3230: checking for C compiler version
configure:3239: gcc --version >&5
gcc (GCC) 5.3.1 20160406 (Red Hat 5.3.1-6)
Copyright (C) 2015 Free Software Foundation, Inc.
This is free software; see the source for copying conditions.  There is NO
warranty; not even for MERCHANTABILITY or FITNESS FOR A PARTICULAR PURPOSE.

configure:3250: $? = 0
configure:3239: gcc -v >&5
Using built-in specs.
COLLECT_GCC=gcc
COLLECT_LTO_WRAPPER=/usr/libexec/gcc/x86_64-redhat-linux/5.3.1/lto-wrapper
Target: x86_64-redhat-linux
Configured with: ../configure --enable-bootstrap --enable-languages=c,c++,objc,obj-c++,fortran,ada,go,lto --prefix=/usr --mandir=/usr/share/man --infodir=/usr/share/info --with-bugurl=http://bugzilla.redhat.com/bugzilla --enable-shared --enable-threads=posix --enable-checking=release --enable-multilib --with-system-zlib --enable-__cxa_atexit --disable-libunwind-exceptions --enable-gnu-unique-object --enable-linker-build-id --with-linker-hash-style=gnu --enable-plugin --enable-initfini-array --disable-libgcj --with-isl --enable-libmpx --enable-gnu-indirect-function --with-tune=generic --with-arch_32=i686 --build=x86_64-redhat-linux
Thread model: posix
gcc version 5.3.1 20160406 (Red Hat 5.3.1-6) (GCC) 
configure:3250: $? = 0
configure:3239: gcc -V >&5
gcc: error: unrecognized command line option '-V'
gcc: fatal error: no input files
compilation terminated.
configure:3250: $? = 1
configure:3239: gcc -qversion >&5
gcc: error: unrecognized command line option '-qversion'
gcc: fatal error: no input files
compilation terminated.
configure:3250: $? = 1
configure:3270: checking whether the C compiler works
configure:3292: gcc    conftest.c  >&5
configure:3296: $? = 0
configure:3344: result: yes
configure:3347: checking for C compiler default output file name
configure:3349: result: a.out
configure:3355: checking for suffix of executables
configure:3362: gcc -o conftest    conftest.c  >&5
configure:3366: $? = 0
configure:3388: result: 
configure:3410: checking whether we are cross compiling
configure:3418: gcc -o conftest    conftest.c  >&5
configure:3422: $? = 0
configure:3429: ./conftest
configure:3433: $? = 0
configure:3448: result: no
configure:3453: checking for suffix of object files
configure:3475: gcc -c   conftest.c >&5
configure:3479: $? = 0
configure:3500: result: o
configure:3504: checking whether we are using the GNU C compiler
configure:3523: gcc -c   conftest.c >&5
configure:3523: $? = 0
configure:3532: result: yes
configure:3541: checking whether gcc accepts -g
configure:3561: gcc -c -g  conftest.c >&5
configure:3561: $? = 0
configure:3602: result: yes
configure:3619: checking for gcc option to accept ISO C89
configure:3682: gcc  -c -g -O2  conftest.c >&5
configure:3682: $? = 0
configure:3695: result: none needed
configure:3720: checking whether gcc understands -c and -o together
configure:3742: gcc -c conftest.c -o conftest2.o
configure:3745: $? = 0
configure:3742: gcc -c conftest.c -o conftest2.o
configure:3745: $? = 0
configure:3757: result: yes
configure:3785: checking for style of include used by make
configure:3813: result: GNU
configure:3839: checking dependency style of gcc
configure:3950: result: gcc3
configure:3967: checking dependency style of gcc
configure:4078: result: gcc3
configure:4098: checking for pthread_create in -lpthread
configure:4123: gcc -o conftest -g -O2   conftest.c -lpthread   >&5
configure:4123: $? = 0
configure:4132: result: yes
configure:4150: checking how to run the C preprocessor
configure:4181: gcc -E  conftest.c
configure:4181: $? = 0
configure:4195: gcc -E  conftest.c
conftest.c:14:28: fatal error: ac_nonexistent.h: No such file or directory
compilation terminated.
configure:4195: $? = 1
configure: failed program was:
| /* confdefs.h */
| #define PACKAGE_NAME "bdpandl"
| #define PACKAGE_TARNAME "bdpandl"
| #define PACKAGE_VERSION "1.0"
| #define PACKAGE_STRING "bdpandl 1.0"
| #define PACKAGE_BUGREPORT "yzfedora@gmail.com"
| #define PACKAGE_URL ""
| #define PACKAGE "bdpandl"
| #define VERSION "1.0"
| #define PACKAGE "bdpandl"
| #define VERSION "1.0"
| #define HAVE_LIBPTHREAD 1
| /* end confdefs.h.  */
| #include <ac_nonexistent.h>
configure:4220: result: gcc -E
configure:4240: gcc -E  conftest.c
configure:4240: $? = 0
configure:4254: gcc -E  conftest.c
conftest.c:14:28: fatal error: ac_nonexistent.h: No such file or directory
compilation terminated.
configure:4254: $? = 1
configure: failed program was:
| /* confdefs.h */
| #define PACKAGE_NAME "bdpandl"
| #define PACKAGE_TARNAME "bdpandl"
| #define PACKAGE_VERSION "1.0"
| #define PACKAGE_STRING "bdpandl 1.0"
| #define PACKAGE_BUGREPORT "yzfedora@gmail.com"
| #define PACKAGE_URL ""
| #define PACKAGE "bdpandl"
| #define VERSION "1.0"
| #define PACKAGE "bdpandl"
| #define VERSION "1.0"
| #define HAVE_LIBPTHREAD 1
| /* end confdefs.h.  */
| #include <ac_nonexistent.h>
configure:4283: checking for grep that handles long lines and -e
configure:4341: result: /usr/bin/grep
configure:4346: checking for egrep
configure:4408: result: /usr/bin/grep -E
configure:4413: checking for ANSI C header files
configure:4433: gcc -c -g -O2  conftest.c >&5
configure:4433: $? = 0
configure:4506: gcc -o conftest -g -O2   conftest.c -lpthread  >&5
configure:4506: $? = 0
configure:4506: ./conftest
configure:4506: $? = 0
configure:4517: result: yes
configure:4530: checking for sys/types.h
configure:4530: gcc -c -g -O2  conftest.c >&5
configure:4530: $? = 0
configure:4530: result: yes
configure:4530: checking for sys/stat.h
configure:4530: gcc -c -g -O2  conftest.c >&5
configure:4530: $? = 0
configure:4530: result: yes
configure:4530: checking for stdlib.h
configure:4530: gcc -c -g -O2  conftest.c >&5
configure:4530: $? = 0
configure:4530: result: yes
configure:4530: checking for string.h
configure:4530: gcc -c -g -O2  conftest.c >&5
configure:4530: $? = 0
configure:4530: result: yes
configure:4530: checking for memory.h
configure:4530: gcc -c -g -O2  conftest.c >&5
configure:4530: $? = 0
configure:4530: result: yes
configure:4530: checking for strings.h
configure:4530: gcc -c -g -O2  conftest.c >&5
configure:4530: $? = 0
configure:4530: result: yes
configure:4530: checking for inttypes.h
configure:4530: gcc -c -g -O2  conftest.c >&5
configure:4530: $? = 0
configure:4530: result: yes
configure:4530: checking for stdint.h
configure:4530: gcc -c -g -O2  conftest.c >&5
configure:4530: $? = 0
configure:4530: result: yes
configure:4530: checking for unistd.h
configure:4530: gcc -c -g -O2  conftest.c >&5
configure:4530: $? = 0
configure:4530: result: yes
configure:4545: checking fcntl.h usability
configure:4545: gcc -c -g -O2  conftest.c >&5
configure:4545: $? = 0
configure:4545: result: yes
configure:4545: checking fcntl.h presence
configure:4545: gcc -E  conftest.c
configure:4545: $? = 0
configure:4545: result: yes
configure:4545: checking for fcntl.h
configure:4545: result: yes
configure:4545: checking limits.h usability
configure:4545: gcc -c -g -O2  conftest.c >&5
configure:4545: $? = 0
configure:4545: result: yes
configure:4545: checking limits.h presence
configure:4545: gcc -E  conftest.c
configure:4545: $? = 0
configure:4545: result: yes
configure:4545: checking for limits.h
configure:4545: result: yes
configure:4545: checking malloc.h usability
configure:4545: gcc -c -g -O2  conftest.c >&5
configure:4545: $? = 0
configure:4545: result: yes
configure:4545: checking malloc.h presence
configure:4545: gcc -E  conftest.c
configure:4545: $? = 0
configure:4545: result: yes
configure:4545: checking for malloc.h
configure:4545: result: yes
configure:4545: checking netdb.h usability
configure:4545: gcc -c -g -O2  conftest.c >&5
configure:4545: $? = 0
configure:4545: result: yes
configure:4545: checking netdb.h presence
configure:4545: gcc -E  conftest.c
configure:4545: $? = 0
configure:4545: result: yes
configure:4545: checking for netdb.h
configure:4545: result: yes
configure:4545: checking for stdlib.h
configure:4545: result: yes
configure:4545: checking for string.h
configure:4545: result: yes
configure:4545: checking sys/ioctl.h usability
configure:4545: gcc -c -g -O2  conftest.c >&5
configure:4545: $? = 0
configure:4545: result: yes
configure:4545: checking sys/ioctl.h presence
configure:4545: gcc -E  conftest.c
configure:4545: $? = 0
configure:4545: result: yes
configure:4545: checking for sys/ioctl.h
configure:4545: result: yes
configure:4545: checking sys/socket.h usability
configure:4545: gcc -c -g -O2  conftest.c >&5
configure:4545: $? = 0
configure:4545: result: yes
configure:4545: checking sys/socket.h presence
configure:4545: gcc -E  conftest.c
configure:4545: $? = 0
configure:4545: result: yes
configure:4545: checking for sys/socket.h
configure:4545: result: yes
configure:4545: checking sys/time.h usability
configure:4545: gcc -c -g -O2  conftest.c >&5
configure:4545: $? = 0
configure:4545: result: yes
configure:4545: checking sys/time.h presence
configure:4545: gcc -E  conftest.c
configure:4545: $? = 0
configure:4545: result: yes
configure:4545: checking for sys/time.h
configure:4545: result: yes
configure:4545: checking for unistd.h
configure:4545: result: yes
configure:4557: checking for off_t
configure:4557: gcc -c -g -O2  conftest.c >&5
configure:4557: $? = 0
configure:4557: gcc -c -g -O2  conftest.c >&5
conftest.c: In function 'main':
conftest.c:70:20: error: expected expression before ')' token
 if (sizeof ((off_t)))
                    ^
configure:4557: $? = 1
configure: failed program was:
| /* confdefs.h */
| #define PACKAGE_NAME "bdpandl"
| #define PACKAGE_TARNAME "bdpandl"
| #define PACKAGE_VERSION "1.0"
| #define PACKAGE_STRING "bdpandl 1.0"
| #define PACKAGE_BUGREPORT "yzfedora@gmail.com"
| #define PACKAGE_URL ""
| #define PACKAGE "bdpandl"
| #define VERSION "1.0"
| #define PACKAGE "bdpandl"
| #define VERSION "1.0"
| #define HAVE_LIBPTHREAD 1
| #define STDC_HEADERS 1
| #define HAVE_SYS_TYPES_H 1
| #define HAVE_SYS_STAT_H 1
| #define HAVE_STDLIB_H 1
| #define HAVE_STRING_H 1
| #define HAVE_MEMORY_H 1
| #define HAVE_STRINGS_H 1
| #define HAVE_INTTYPES_H 1
| #define HAVE_STDINT_H 1
| #define HAVE_UNISTD_H 1
| #define HAVE_FCNTL_H 1
| #define HAVE_LIMITS_H 1
| #define HAVE_MALLOC_H 1
| #define HAVE_NETDB_H 1
| #define HAVE_STDLIB_H 1
| #define HAVE_STRING_H 1
| #define HAVE_SYS_IOCTL_H 1
| #define HAVE_SYS_SOCKET_H 1
| #define HAVE_SYS_TIME_H 1
| #define HAVE_UNISTD_H 1
| /* end confdefs.h.  */
| #include <stdio.h>
| #ifdef HAVE_SYS_TYPES_H
| # include <sys/types.h>
| #endif
| #ifdef HAVE_SYS_STAT_H
| # include <sys/stat.h>
| #endif
| #ifdef STDC_HEADERS
| # include <stdlib.h>
| # include <stddef.h>
| #else
| # ifdef HAVE_STDLIB_H
| #  include <stdlib.h>
| # endif
| #endif
| #ifdef HAVE_STRING_H
| # if !defined STDC_HEADERS && defined HAVE_MEMORY_H
| #  include <memory.h>
| # endif
| # include <string.h>
| #endif
| #ifdef HAVE_STRINGS_H
| # include <strings.h>
| #endif
| #ifdef HAVE_INTTYPES_H
| # include <inttypes.h>
| #endif
| #ifdef HAVE_STDINT_H
| # include <stdint.h>
| #endif
| #ifdef HAVE_UNISTD_H
| # include <unistd.h>
| #endif
| int
| main ()
| {
| if (sizeof ((off_t)))
| 	    return 0;
|   ;
|   return 0;
| }
configure:4557: result: yes
configure:4568: checking for size_t
configure:4568: gcc -c -g -O2  conftest.c >&5
configure:4568: $? = 0
configure:4568: gcc -c -g -O2  conftest.c >&5
conftest.c: In function 'main':
conftest.c:70:21: error: expected expression before ')' token
 if (sizeof ((size_t)))
                     ^
configure:4568: $? = 1
configure: failed program was:
| /* confdefs.h */
| #define PACKAGE_NAME "bdpandl"
| #define PACKAGE_TARNAME "bdpandl"
| #define PACKAGE_VERSION "1.0"
| #define PACKAGE_STRING "bdpandl 1.0"
| #define PACKAGE_BUGREPORT "yzfedora@gmail.com"
| #define PACKAGE_URL ""
| #define PACKAGE "bdpandl"
| #define VERSION "1.0"
| #define PACKAGE "bdpandl"
| #define VERSION "1.0"
| #define HAVE_LIBPTHREAD 1
| #define STDC_HEADERS 1
| #define HAVE_SYS_TYPES_H 1
| #define HAVE_SYS_STAT_H 1
| #define HAVE_STDLIB_H 1
| #define HAVE_STRING_H 1
| #define HAVE_MEMORY_H 1
| #define HAVE_STRINGS_H 1
| #define HAVE_INTTYPES_H 1
| #define HAVE_STDINT_H 1
| #define HAVE_UNISTD_H 1
| #define HAVE_FCNTL_H 1
| #define HAVE_LIMITS_H 1
| #define HAVE_MALLOC_H 1
| #define HAVE_NETDB_H 1
| #define HAVE_STDLIB_H 1
| #define HAVE_STRING_H 1
| #define HAVE_SYS_IOCTL_H 1
| #define HAVE_SYS_SOCKET_H 1
| #define HAVE_SYS_TIME_H 1
| #define HAVE_UNISTD_H 1
| /* end confdefs.h.  */
| #include <stdio.h>
| #ifdef HAVE_SYS_TYPES_H
| # include <sys/types.h>
| #endif
| #ifdef HAVE_SYS_STAT_H
| # include <sys/stat.h>
| #endif
| #ifdef STDC_HEADERS
| # include <stdlib.h>
| # include <stddef.h>
| #else
| # ifdef HAVE_STDLIB_H
| #  include <stdlib.h>
| # endif
| #endif
| #ifdef HAVE_STRING_H
| # if !defined STDC_HEADERS && defined HAVE_MEMORY_H
| #  include <memory.h>
| # endif
| # include <string.h>
| #endif
| #ifdef HAVE_STRINGS_H
| # include <strings.h>
| #endif
| #ifdef HAVE_INTTYPES_H
| # include <inttypes.h>
| #endif
| #ifdef HAVE_STDINT_H
| # include <stdint.h>
| #endif
| #ifdef HAVE_UNISTD_H
| # include <unistd.h>
| #endif
| int
| main ()
| {
| if (sizeof ((size_t)))
| 	    return 0;
|   ;
|   return 0;
| }
configure:4568: result: yes
configure:4579: checking for ssize_t
configure:4579: gcc -c -g -O2  conftest.c >&5
configure:4579: $? = 0
configure:4579: gcc -c -g -O2  conftest.c >&5
conftest.c: In function 'main':
conftest.c:70:22: error: expected expression before ')' token
 if (sizeof ((ssize_t)))
                      ^
configure:4579: $? = 1
configure: failed program was:
| /* confdefs.h */
| #define PACKAGE_NAME "bdpandl"
| #define PACKAGE_TARNAME "bdpandl"
| #define PACKAGE_VERSION "1.0"
| #define PACKAGE_STRING "bdpandl 1.0"
| #define PACKAGE_BUGREPORT "yzfedora@gmail.com"
| #define PACKAGE_URL ""
| #define PACKAGE "bdpandl"
| #define VERSION "1.0"
| #define PACKAGE "bdpandl"
| #define VERSION "1.0"
| #define HAVE_LIBPTHREAD 1
| #define STDC_HEADERS 1
| #define HAVE_SYS_TYPES_H 1
| #define HAVE_SYS_STAT_H 1
| #define HAVE_STDLIB_H 1
| #define HAVE_STRING_H 1
| #define HAVE_MEMORY_H 1
| #define HAVE_STRINGS_H 1
| #define HAVE_INTTYPES_H 1
| #define HAVE_STDINT_H 1
| #define HAVE_UNISTD_H 1
| #define HAVE_FCNTL_H 1
| #define HAVE_LIMITS_H 1
| #define HAVE_MALLOC_H 1
| #define HAVE_NETDB_H 1
| #define HAVE_STDLIB_H 1
| #define HAVE_STRING_H 1
| #define HAVE_SYS_IOCTL_H 1
| #define HAVE_SYS_SOCKET_H 1
| #define HAVE_SYS_TIME_H 1
| #define HAVE_UNISTD_H 1
| /* end confdefs.h.  */
| #include <stdio.h>
| #ifdef HAVE_SYS_TYPES_H
| # include <sys/types.h>
| #endif
| #ifdef HAVE_SYS_STAT_H
| # include <sys/stat.h>
| #endif
| #ifdef STDC_HEADERS
| # include <stdlib.h>
| # include <stddef.h>
| #else
| # ifdef HAVE_STDLIB_H
| #  include <stdlib.h>
| # endif
| #endif
| #ifdef HAVE_STRING_H
| # if !defined STDC_HEADERS && defined HAVE_MEMORY_H
| #  include <memory.h>
| # endif
| # include <string.h>
| #endif
| #ifdef HAVE_STRINGS_H
| # include <strings.h>
| #endif
| #ifdef HAVE_INTTYPES_H
| # include <inttypes.h>
| #endif
| #ifdef HAVE_STDINT_H
| # include <stdint.h>
| #endif
| #ifdef HAVE_UNISTD_H
| # include <unistd.h>
| #endif
| int
| main ()
| {
| if (sizeof ((ssize_t)))
| 	    return 0;
|   ;
|   return 0;
| }
configure:4579: result: yes
configure:4594: checking for stdlib.h
configure:4594: result: yes
configure:4604: checking for GNU libc compatible malloc
configure:4628: gcc -o conftest -g -O2   conftest.c -lpthread  >&5
configure:4628: $? = 0
configure:4628: ./conftest
configure:4628: $? = 0
configure:4638: result: yes
configure:4662: checking for ftruncate
configure:4662: gcc -o conftest -g -O2   conftest.c -lpthread  >&5
configure:4662: $? = 0
configure:4662: result: yes
configure:4662: checking for memmove
configure:4662: gcc -o conftest -g -O2   conftest.c -lpthread  >&5
conftest.c:60:6: warning: conflicting types for built-in function 'memmove'
 char memmove ();
      ^
configure:4662: $? = 0
configure:4662: result: yes
configure:4662: checking for memset
configure:4662: gcc -o conftest -g -O2   conftest.c -lpthread  >&5
conftest.c:61:6: warning: conflicting types for built-in function 'memset'
 char memset ();
      ^
configure:4662: $? = 0
configure:4662: result: yes
configure:4662: checking for socket
configure:4662: gcc -o conftest -g -O2   conftest.c -lpthread  >&5
configure:4662: $? = 0
configure:4662: result: yes
configure:4662: checking for strchr
configure:4662: gcc -o conftest -g -O2   conftest.c -lpthread  >&5
conftest.c:63:6: warning: conflicting types for built-in function 'strchr'
 char strchr ();
      ^
configure:4662: $? = 0
configure:4662: result: yes
configure:4662: checking for strrchr
configure:4662: gcc -o conftest -g -O2   conftest.c -lpthread  >&5
conftest.c:64:6: warning: conflicting types for built-in function 'strrchr'
 char strrchr ();
      ^
configure:4662: $? = 0
configure:4662: result: yes
configure:4662: checking for strstr
configure:4662: gcc -o conftest -g -O2   conftest.c -lpthread  >&5
conftest.c:65:6: warning: conflicting types for built-in function 'strstr'
 char strstr ();
      ^
configure:4662: $? = 0
configure:4662: result: yes
configure:4662: checking for strtol
configure:4662: gcc -o conftest -g -O2   conftest.c -lpthread  >&5
configure:4662: $? = 0
configure:4662: result: yes
configure:4783: checking that generated files are newer than configure
configure:4789: result: done
configure:4824: creating ./config.status

## ---------------------- ##
## Running config.status. ##
## ---------------------- ##

This file was extended by bdpandl config.status 1.0, which was
generated by GNU Autoconf 2.69.  Invocation command line was

  CONFIG_FILES    = 
  CONFIG_HEADERS  = 
  CONFIG_LINKS    = 
  CONFIG_COMMANDS = 
  $ ./config.status 

on localhost.localdomain

config.status:876: creating Makefile
config.status:876: creating src/Makefile
config.status:876: creating config.h
config.status:1105: executing depfiles commands

## ---------------- ##
## Cache variables. ##
## ---------------- ##

ac_cv_c_compiler_gnu=yes
ac_cv_env_CC_set=
ac_cv_env_CC_value=
ac_cv_env_CFLAGS_set=
ac_cv_env_CFLAGS_value=
ac_cv_env_CPPFLAGS_set=
ac_cv_env_CPPFLAGS_value=
ac_cv_env_CPP_set=
ac_cv_env_CPP_value=
ac_cv_env_LDFLAGS_set=
ac_cv_env_LDFLAGS_value=
ac_cv_env_LIBS_set=
ac_cv_env_LIBS_value=
ac_cv_env_build_alias_set=
ac_cv_env_build_alias_value=
ac_cv_env_host_alias_set=
ac_cv_env_host_alias_value=
ac_cv_env_target_alias_set=
ac_cv_env_target_alias_value=
ac_cv_func_ftruncate=yes
ac_cv_func_malloc_0_nonnull=yes
ac_cv_func_memmove=yes
ac_cv_func_memset=yes
ac_cv_func_socket=yes
ac_cv_func_strchr=yes
ac_cv_func_strrchr=yes
ac_cv_func_strstr=yes
ac_cv_func_strtol=yes
ac_cv_header_fcntl_h=yes
ac_cv_header_inttypes_h=yes
ac_cv_header_limits_h=yes
ac_cv_header_malloc_h=yes
ac_cv_header_memory_h=yes
ac_cv_header_netdb_h=yes
ac_cv_header_stdc=yes
ac_cv_header_stdint_h=yes
ac_cv_header_stdlib_h=yes
ac_cv_header_string_h=yes
ac_cv_header_strings_h=yes
ac_cv_header_sys_ioctl_h=yes
ac_cv_header_sys_socket_h=yes
ac_cv_header_sys_stat_h=yes
ac_cv_header_sys_time_h=yes
ac_cv_header_sys_types_h=yes
ac_cv_header_unistd_h=yes
ac_cv_lib_pthread_pthread_create=yes
ac_cv_objext=o
ac_cv_path_EGREP='/usr/bin/grep -E'
ac_cv_path_GREP=/usr/bin/grep
ac_cv_path_install='/usr/bin/install -c'
ac_cv_path_mkdir=/usr/bin/mkdir
ac_cv_prog_AWK=gawk
ac_cv_prog_CPP='gcc -E'
ac_cv_prog_ac_ct_CC=gcc
ac_cv_prog_cc_c89=
ac_cv_prog_cc_g=yes
ac_cv_prog_make_make_set=yes
ac_cv_type_off_t=yes
ac_cv_type_size_t=yes
ac_cv_type_ssize_t=yes
am_cv_CC_dependencies_compiler_type=gcc3
am_cv_make_support_nested_variables=yes
am_cv_prog_cc_c_o=yes

## ----------------- ##
## Output variables. ##
## ----------------- ##

ACLOCAL='${SHELL} /home/tomonori/git/baidudl/missing aclocal-1.15'
AMDEPBACKSLASH='\'
AMDEP_FALSE='#'
AMDEP_TRUE=''
AMTAR='$${TAR-tar}'
AM_BACKSLASH='\'
AM_DEFAULT_V='$(AM_DEFAULT_VERBOSITY)'
AM_DEFAULT_VERBOSITY='1'
AM_V='$(V)'
AUTOCONF='${SHELL} /home/tomonori/git/baidudl/missing autoconf'
AUTOHEADER='${SHELL} /home/tomonori/git/baidudl/missing autoheader'
AUTOMAKE='${SHELL} /home/tomonori/git/baidudl/missing automake-1.15'
AWK='gawk'
CC='gcc'
CCDEPMODE='depmode=gcc3'
CFLAGS='-g -O2'
CPP='gcc -E'
CPPFLAGS=''
CYGPATH_W='echo'
DEFS='-DHAVE_CONFIG_H'
DEPDIR='.deps'
ECHO_C=''
ECHO_N='-n'
ECHO_T=''
EGREP='/usr/bin/grep -E'
EXEEXT=''
GREP='/usr/bin/grep'
INSTALL_DATA='${INSTALL} -m 644'
INSTALL_PROGRAM='${INSTALL}'
INSTALL_SCRIPT='${INSTALL}'
INSTALL_STRIP_PROGRAM='$(install_sh) -c -s'
LDFLAGS=''
LIBOBJS=''
LIBS='-lpthread '
LTLIBOBJS=''
MAKEINFO='${SHELL} /home/tomonori/git/baidudl/missing makeinfo'
MKDIR_P='/usr/bin/mkdir -p'
OBJEXT='o'
PACKAGE='bdpandl'
PACKAGE_BUGREPORT='yzfedora@gmail.com'
PACKAGE_NAME='bdpandl'
PACKAGE_STRING='bdpandl 1.0'
PACKAGE_TARNAME='bdpandl'
PACKAGE_URL=''
PACKAGE_VERSION='1.0'
PATH_SEPARATOR=':'
SET_MAKE=''
SHELL='/bin/sh'
STRIP=''
VERSION='1.0'
ac_ct_CC='gcc'
am__EXEEXT_FALSE=''
am__EXEEXT_TRUE='#'
am__fastdepCC_FALSE='#'
am__fastdepCC_TRUE=''
am__include='include'
am__isrc=''
am__leading_dot='.'
am__nodep='_no'
am__quote=''
am__tar='$${TAR-tar} chof - "$$tardir"'
am__untar='$${TAR-tar} xf -'
bindir='${exec_prefix}/bin'
build_alias=''
datadir='${datarootdir}'
datarootdir='${prefix}/share'
docdir='${datarootdir}/doc/${PACKAGE_TARNAME}'
dvidir='${docdir}'
exec_prefix='${prefix}'
host_alias=''
htmldir='${docdir}'
includedir='${prefix}/include'
infodir='${datarootdir}/info'
install_sh='${SHELL} /home/tomonori/git/baidudl/install-sh'
libdir='${exec_prefix}/lib'
libexecdir='${exec_prefix}/libexec'
localedir='${datarootdir}/locale'
localstatedir='${prefix}/var'
mandir='${datarootdir}/man'
mkdir_p='$(MKDIR_P)'
oldincludedir='/usr/include'
pdfdir='${docdir}'
prefix='/usr/local'
program_transform_name='s,x,x,'
psdir='${docdir}'
sbindir='${exec_prefix}/sbin'
sharedstatedir='${prefix}/com'
sysconfdir='${prefix}/etc'
target_alias=''

## ----------- ##
## confdefs.h. ##
## ----------- ##

/* confdefs.h */
#define PACKAGE_NAME "bdpandl"
#define PACKAGE_TARNAME "bdpandl"
#define PACKAGE_VERSION "1.0"
#define PACKAGE_STRING "bdpandl 1.0"
#define PACKAGE_BUGREPORT "yzfedora@gmail.com"
#define PACKAGE_URL ""
#define PACKAGE "bdpandl"
#define VERSION "1.0"
#define PACKAGE "bdpandl"
#define VERSION "1.0"
#define HAVE_LIBPTHREAD 1
#define STDC_HEADERS 1
#define HAVE_SYS_TYPES_H 1
#define HAVE_SYS_STAT_H 1
#define HAVE_STDLIB_H 1
#define HAVE_STRING_H 1
#define HAVE_MEMORY_H 1
#define HAVE_STRINGS_H 1
#define HAVE_INTTYPES_H 1
#define HAVE_STDINT_H 1
#define HAVE_UNISTD_H 1
#define HAVE_FCNTL_H 1
#define HAVE_LIMITS_H 1
#define HAVE_MALLOC_H 1
#define HAVE_NETDB_H 1
#define HAVE_STDLIB_H 1
#define HAVE_STRING_H 1
#define HAVE_SYS_IOCTL_H 1
#define HAVE_SYS_SOCKET_H 1
#define HAVE_SYS_TIME_H 1
#define HAVE_UNISTD_H 1
#define HAVE_STDLIB_H 1
#define HAVE_MALLOC 1
#define HAVE_FTRUNCATE 1
#define HAVE_MEMMOVE 1
#define HAVE_MEMSET 1
#define HAVE_SOCKET 1
#define HAVE_STRCHR 1
#define HAVE_STRRCHR 1
#define HAVE_STRSTR 1
#define HAVE_STRTOL 1

configure: exit 0
